# JRE version: OpenJDK Runtime Environment (7.0_65-b32) (build 1.7.0_65-b32)
# Java VM: OpenJDK 64-Bit Server VM (24.65-b04 mixed mode linux-amd64 compressed oops)
Heap
 PSYoungGen      total 681984K, used 0K [0x00000007d5500000, 0x0000000800000000, 0x0000000800000000)
  eden space 673792K, 0% used [0x00000007d5500000,0x00000007d5500000,0x00000007fe700000)
  from space 8192K, 0% used [0x00000007fe700000,0x00000007fe700000,0x00000007fef00000)
  to   space 8704K, 0% used [0x00000007ff780000,0x00000007ff780000,0x0000000800000000)
 ParOldGen       total 699392K, used 77594K [0x0000000780000000, 0x00000007aab00000, 0x00000007d5500000)
  object space 699392K, 11% used [0x0000000780000000,0x0000000784bc6930,0x00000007aab00000)
 PSPermGen       total 30720K, used 30496K [0x0000000775a00000, 0x0000000777800000, 0x0000000780000000)
  object space 30720K, 99% used [0x0000000775a00000,0x00000007777c83e0,0x0000000777800000)
GC Heap History (10 events):
Event: 7054574.378 GC heap after
Heap after GC invocations=3961 (full 0):
 PSYoungGen      total 690688K, used 5824K [0x00000007d5500000, 0x0000000800000000, 0x0000000800000000)
  eden space 682496K, 0% used [0x00000007d5500000,0x00000007d5500000,0x00000007fef80000)
  from space 8192K, 71% used [0x00000007fef80000,0x00000007ff530000,0x00000007ff780000)
  to   space 8192K, 0% used [0x00000007ff800000,0x00000007ff800000,0x0000000800000000)
 ParOldGen       total 699392K, used 694026K [0x0000000780000000, 0x00000007aab00000, 0x00000007d5500000)
  object space 699392K, 99% used [0x0000000780000000,0x00000007aa5c2ad0,0x00000007aab00000)
 PSPermGen       total 30720K, used 30620K [0x0000000775a00000, 0x0000000777800000, 0x0000000780000000)
  object space 30720K, 99% used [0x0000000775a00000,0x00000007777e73f0,0x0000000777800000)
}
Event: 7057859.234 GC heap before
{Heap before GC invocations=3962 (full 0):
 PSYoungGen      total 690688K, used 688320K [0x00000007d5500000, 0x0000000800000000, 0x0000000800000000)
  eden space 682496K, 100% used [0x00000007d5500000,0x00000007fef80000,0x00000007fef80000)
  from space 8192K, 71% used [0x00000007fef80000,0x00000007ff530000,0x00000007ff780000)
  to   space 8192K, 0% used [0x00000007ff800000,0x00000007ff800000,0x0000000800000000)
 ParOldGen       total 699392K, used 694026K [0x0000000780000000, 0x00000007aab00000, 0x00000007d5500000)
  object space 699392K, 99% used [0x0000000780000000,0x00000007aa5c2ad0,0x00000007aab00000)
 PSPermGen       total 30720K, used 30620K [0x0000000775a00000, 0x0000000777800000, 0x0000000780000000)
  object space 30720K, 99% used [0x0000000775a00000,0x00000007777e73f0,0x0000000777800000)
Event: 7057859.286 GC heap after
Heap after GC invocations=3962 (full 0):
 PSYoungGen      total 662528K, used 4256K [0x00000007d5500000, 0x00000007ffc80000, 0x0000000800000000)
  eden space 657920K, 0% used [0x00000007d5500000,0x00000007d5500000,0x00000007fd780000)
  from space 4608K, 92% used [0x00000007ff800000,0x00000007ffc28000,0x00000007ffc80000)
  to   space 8192K, 0% used [0x00000007fec80000,0x00000007fec80000,0x00000007ff480000)
 ParOldGen       total 699392K, used 694026K [0x0000000780000000, 0x00000007aab00000, 0x00000007d5500000)
  object space 699392K, 99% used [0x0000000780000000,0x00000007aa5c2ad0,0x00000007aab00000)
 PSPermGen       total 30720K, used 30620K [0x0000000775a00000, 0x0000000777800000, 0x0000000780000000)
  object space 30720K, 99% used [0x0000000775a00000,0x00000007777e73f0,0x0000000777800000)
}
Event: 7061009.317 GC heap before
{Heap before GC invocations=3963 (full 0):
 PSYoungGen      total 662528K, used 662176K [0x00000007d5500000, 0x00000007ffc80000, 0x0000000800000000)
  eden space 657920K, 100% used [0x00000007d5500000,0x00000007fd780000,0x00000007fd780000)
  from space 4608K, 92% used [0x00000007ff800000,0x00000007ffc28000,0x00000007ffc80000)
  to   space 8192K, 0% used [0x00000007fec80000,0x00000007fec80000,0x00000007ff480000)
 ParOldGen       total 699392K, used 694026K [0x0000000780000000, 0x00000007aab00000, 0x00000007d5500000)
  object space 699392K, 99% used [0x0000000780000000,0x00000007aa5c2ad0,0x00000007aab00000)
 PSPermGen       total 30720K, used 30620K [0x0000000775a00000, 0x0000000777800000, 0x0000000780000000)
  object space 30720K, 99% used [0x0000000775a00000,0x00000007777e73f0,0x0000000777800000)
Event: 7061009.397 GC heap after
Heap after GC invocations=3963 (full 0):
 PSYoungGen      total 641536K, used 6592K [0x00000007d5500000, 0x00000007ff880000, 0x0000000800000000)
  eden space 634880K, 0% used [0x00000007d5500000,0x00000007d5500000,0x00000007fc100000)
  from space 6656K, 99% used [0x00000007fec80000,0x00000007ff2f0000,0x00000007ff300000)
  to   space 5632K, 0% used [0x00000007ff300000,0x00000007ff300000,0x00000007ff880000)
 ParOldGen       total 699392K, used 694026K [0x0000000780000000, 0x00000007aab00000, 0x00000007d5500000)
  object space 699392K, 99% used [0x0000000780000000,0x00000007aa5c2ad0,0x00000007aab00000)
 PSPermGen       total 30720K, used 30620K [0x0000000775a00000, 0x0000000777800000, 0x0000000780000000)
  object space 30720K, 99% used [0x0000000775a00000,0x00000007777e73f0,0x0000000777800000)
}
Event: 7064069.260 GC heap before
{Heap before GC invocations=3964 (full 0):
 PSYoungGen      total 641536K, used 641472K [0x00000007d5500000, 0x00000007ff880000, 0x0000000800000000)
  eden space 634880K, 100% used [0x00000007d5500000,0x00000007fc100000,0x00000007fc100000)
  from space 6656K, 99% used [0x00000007fec80000,0x00000007ff2f0000,0x00000007ff300000)
  to   space 5632K, 0% used [0x00000007ff300000,0x00000007ff300000,0x00000007ff880000)
 ParOldGen       total 699392K, used 694052K [0x0000000780000000, 0x00000007aab00000, 0x00000007d5500000)
  object space 699392K, 99% used [0x0000000780000000,0x00000007aa5c91a8,0x00000007aab00000)
 PSPermGen       total 30720K, used 30620K [0x0000000775a00000, 0x0000000777800000, 0x0000000780000000)
  object space 30720K, 99% used [0x0000000775a00000,0x00000007777e73f0,0x0000000777800000)
Event: 7064069.330 GC heap after
Heap after GC invocations=3964 (full 0):
 PSYoungGen      total 616960K, used 3744K [0x00000007d5500000, 0x00000007ff700000, 0x0000000800000000)
  eden space 612864K, 0% used [0x00000007d5500000,0x00000007d5500000,0x00000007fab80000)
  from space 4096K, 91% used [0x00000007ff300000,0x00000007ff6a8000,0x00000007ff700000)
  to   space 8192K, 0% used [0x00000007fe700000,0x00000007fe700000,0x00000007fef00000)
 ParOldGen       total 699392K, used 694052K [0x0000000780000000, 0x00000007aab00000, 0x00000007d5500000)
  object space 699392K, 99% used [0x0000000780000000,0x00000007aa5c91a8,0x00000007aab00000)
 PSPermGen       total 30720K, used 30620K [0x0000000775a00000, 0x0000000777800000, 0x0000000780000000)
  object space 30720K, 99% used [0x0000000775a00000,0x00000007777e73f0,0x0000000777800000)
}
Event: 7064069.334 GC heap before
{Heap before GC invocations=3965 (full 0):
 PSYoungGen      total 616960K, used 13458K [0x00000007d5500000, 0x00000007ff700000, 0x0000000800000000)
  eden space 612864K, 1% used [0x00000007d5500000,0x00000007d5e7cae8,0x00000007fab80000)
  from space 4096K, 91% used [0x00000007ff300000,0x00000007ff6a8000,0x00000007ff700000)
  to   space 8192K, 0% used [0x00000007fe700000,0x00000007fe700000,0x00000007fef00000)
 ParOldGen       total 699392K, used 694052K [0x0000000780000000, 0x00000007aab00000, 0x00000007d5500000)
  object space 699392K, 99% used [0x0000000780000000,0x00000007aa5c91a8,0x00000007aab00000)
 PSPermGen       total 30720K, used 30620K [0x0000000775a00000, 0x0000000777800000, 0x0000000780000000)
  object space 30720K, 99% used [0x0000000775a00000,0x00000007777e73f0,0x0000000777800000)
Event: 7064069.344 GC heap after
Heap after GC invocations=3965 (full 0):
 PSYoungGen      total 681984K, used 352K [0x00000007d5500000, 0x0000000800000000, 0x0000000800000000)
  eden space 673792K, 0% used [0x00000007d5500000,0x00000007d5500000,0x00000007fe700000)
  from space 8192K, 4% used [0x00000007fe700000,0x00000007fe758000,0x00000007fef00000)
  to   space 8704K, 0% used [0x00000007ff780000,0x00000007ff780000,0x0000000800000000)
 ParOldGen       total 699392K, used 697932K [0x0000000780000000, 0x00000007aab00000, 0x00000007d5500000)
  object space 699392K, 99% used [0x0000000780000000,0x00000007aa993308,0x00000007aab00000)
 PSPermGen       total 30720K, used 30620K [0x0000000775a00000, 0x0000000777800000, 0x0000000780000000)
  object space 30720K, 99% used [0x0000000775a00000,0x00000007777e73f0,0x0000000777800000)
}
Event: 7064069.347 GC heap before
{Heap before GC invocations=3966 (full 1):
 PSYoungGen      total 681984K, used 352K [0x00000007d5500000, 0x0000000800000000, 0x0000000800000000)
  eden space 673792K, 0% used [0x00000007d5500000,0x00000007d5500000,0x00000007fe700000)
  from space 8192K, 4% used [0x00000007fe700000,0x00000007fe758000,0x00000007fef00000)
  to   space 8704K, 0% used [0x00000007ff780000,0x00000007ff780000,0x0000000800000000)
 ParOldGen       total 699392K, used 697932K [0x0000000780000000, 0x00000007aab00000, 0x00000007d5500000)
  object space 699392K, 99% used [0x0000000780000000,0x00000007aa993308,0x00000007aab00000)
 PSPermGen       total 30720K, used 30620K [0x0000000775a00000, 0x0000000777800000, 0x0000000780000000)
  object space 30720K, 99% used [0x0000000775a00000,0x00000007777e73f0,0x0000000777800000)

